2026-06-12 16:44:58.624 | INFO     | backend.main:lifespan:31 - MongoDB connected successfully
2026-06-12 16:45:02.523 | INFO     | backend.main:lifespan:55 - RealtimeStockoutPredictor initialized successfully, model_version=unknown
2026-06-12 16:45:05.701 | INFO     | app.db.indexes:create_all_indexes:214 - All MongoDB indexes created successfully
2026-06-12 16:45:05.701 | INFO     | backend.main:lifespan:63 - MongoDB indexes initialized successfully
2026-06-12 16:45:34.065 | INFO     | app.middleware.logging_middleware:dispatch:56 - request_completed
2026-06-12 16:45:35.194 | INFO     | app.middleware.logging_middleware:dispatch:56 - request_completed
2026-06-12 16:45:40.344 | INFO     | backend.main:lifespan:68 - MongoDB connection closed
2026-06-12 16:45:49.462 | INFO     | backend.main:lifespan:31 - MongoDB connected successfully
2026-06-12 16:45:51.822 | INFO     | backend.main:lifespan:55 - RealtimeStockoutPredictor initialized successfully, model_version=unknown
2026-06-12 16:45:54.377 | INFO     | app.db.indexes:create_all_indexes:214 - All MongoDB indexes created successfully
2026-06-12 16:45:54.377 | INFO     | backend.main:lifespan:63 - MongoDB indexes initialized successfully
2026-06-12 16:56:27.600 | INFO     | app.middleware.logging_middleware:dispatch:56 - request_completed
2026-06-12 17:07:18.262 | INFO     | backend.main:lifespan:68 - MongoDB connection closed
2026-06-12 17:07:25.474 | INFO     | backend.main:lifespan:74 - MongoDB connected successfully
2026-06-12 17:07:31.497 | INFO     | backend.main:lifespan:98 - RealtimeStockoutPredictor initialized successfully, model_version=unknown
2026-06-12 17:07:34.102 | INFO     | app.db.indexes:create_all_indexes:214 - All MongoDB indexes created successfully
2026-06-12 17:07:34.104 | INFO     | backend.main:lifespan:107 - MongoDB indexes initialized successfully
2026-06-12 17:44:24.075 | INFO     | backend.main:lifespan:112 - MongoDB connection closed
2026-06-12 17:44:34.119 | INFO     | backend.main:lifespan:74 - MongoDB connected successfully
2026-06-12 17:44:36.753 | INFO     | backend.main:lifespan:98 - RealtimeStockoutPredictor initialized successfully, model_version=unknown
2026-06-12 17:44:42.076 | INFO     | app.db.indexes:create_all_indexes:214 - All MongoDB indexes created successfully
2026-06-12 17:45:36.271 | INFO     | backend.main:lifespan:74 - MongoDB connected successfully
2026-06-12 17:45:38.782 | INFO     | backend.main:lifespan:98 - RealtimeStockoutPredictor initialized successfully, model_version=unknown
2026-06-12 17:45:43.649 | INFO     | app.db.indexes:create_all_indexes:214 - All MongoDB indexes created successfully
2026-06-12 17:47:29.312 | INFO     | backend.main:lifespan:74 - MongoDB connected successfully
2026-06-12 17:47:32.308 | INFO     | backend.main:lifespan:98 - RealtimeStockoutPredictor initialized successfully, model_version=unknown
2026-06-12 17:47:34.910 | INFO     | app.db.indexes:create_all_indexes:214 - All MongoDB indexes created successfully
2026-06-12 17:47:35.439 | INFO     | backend.main:lifespan:107 - MongoDB indexes initialized successfully
2026-06-12 17:47:48.120 | INFO     | app.middleware.logging_middleware:dispatch:56 - request_completed
2026-06-12 17:48:54.707 | INFO     | app.middleware.logging_middleware:dispatch:56 - request_completed
2026-06-12 17:49:35.607 | INFO     | app.middleware.logging_middleware:dispatch:56 - request_completed
2026-06-12 17:49:41.149 | INFO     | app.middleware.logging_middleware:dispatch:56 - request_completed
2026-06-12 17:50:11.016 | INFO     | app.middleware.logging_middleware:dispatch:56 - request_completed
2026-06-12 17:50:11.017 | ERROR    | app.core.exception_handler:fallback_exception_handler:96 - Unhandled exception on POST /api/v1/auth/login: Object of type bytes is not JSON serializable
Traceback (most recent call last):
  File "C:\Users\Techsupport.umapathi\Desktop\AI-Driven Forecasting of Medical Inventory Shortages\.venv\Lib\site-packages\anyio\streams\memory.py", line 98, in receive
    return self.receive_nowait()
  File "C:\Users\Techsupport.umapathi\Desktop\AI-Driven Forecasting of Medical Inventory Shortages\.venv\Lib\site-packages\anyio\streams\memory.py", line 93, in receive_nowait
    raise WouldBlock
anyio.WouldBlock

During handling of the above exception, another exception occurred:

Traceback (most recent call last):
  File "C:\Users\Techsupport.umapathi\Desktop\AI-Driven Forecasting of Medical Inventory Shortages\.venv\Lib\site-packages\starlette\middleware\base.py", line 78, in call_next
    message = await recv_stream.receive()
  File "C:\Users\Techsupport.umapathi\Desktop\AI-Driven Forecasting of Medical Inventory Shortages\.venv\Lib\site-packages\anyio\streams\memory.py", line 118, in receive
    raise EndOfStream
anyio.EndOfStream

During handling of the above exception, another exception occurred:

Traceback (most recent call last):
  File "C:\Users\Techsupport.umapathi\Desktop\AI-Driven Forecasting of Medical Inventory Shortages\.venv\Lib\site-packages\starlette\middleware\errors.py", line 162, in __call__
    await self.app(scope, receive, _send)
  File "C:\Users\Techsupport.umapathi\Desktop\AI-Driven Forecasting of Medical Inventory Shortages\.venv\Lib\site-packages\starlette\middleware\base.py", line 108, in __call__
    response = await self.dispatch_func(request, call_next)
  File "C:\Users\Techsupport.umapathi\Desktop\AI-Driven Forecasting of Medical Inventory Shortages\backend\app\middleware\logging_middleware.py", line 41, in dispatch
    response = await call_next(request)
  File "C:\Users\Techsupport.umapathi\Desktop\AI-Driven Forecasting of Medical Inventory Shortages\.venv\Lib\site-packages\starlette\middleware\base.py", line 84, in call_next
    raise app_exc
  File "C:\Users\Techsupport.umapathi\Desktop\AI-Driven Forecasting of Medical Inventory Shortages\.venv\Lib\site-packages\starlette\middleware\base.py", line 70, in coro
    await self.app(scope, receive_or_disconnect, send_no_error)
  File "C:\Users\Techsupport.umapathi\Desktop\AI-Driven Forecasting of Medical Inventory Shortages\.venv\Lib\site-packages\starlette\middleware\base.py", line 108, in __call__
    response = await self.dispatch_func(request, call_next)
  File "C:\Users\Techsupport.umapathi\Desktop\AI-Driven Forecasting of Medical Inventory Shortages\backend\app\middleware\audit_middleware.py", line 83, in dispatch
    response = await call_next(request)
  File "C:\Users\Techsupport.umapathi\Desktop\AI-Driven Forecasting of Medical Inventory Shortages\.venv\Lib\site-packages\starlette\middleware\base.py", line 84, in call_next
    raise app_exc
  File "C:\Users\Techsupport.umapathi\Desktop\AI-Driven Forecasting of Medical Inventory Shortages\.venv\Lib\site-packages\starlette\middleware\base.py", line 70, in coro
    await self.app(scope, receive_or_disconnect, send_no_error)
  File "C:\Users\Techsupport.umapathi\Desktop\AI-Driven Forecasting of Medical Inventory Shortages\.venv\Lib\site-packages\starlette\middleware\cors.py", line 91, in __call__
    await self.simple_response(scope, receive, send, request_headers=headers)
  File "C:\Users\Techsupport.umapathi\Desktop\AI-Driven Forecasting of Medical Inventory Shortages\.venv\Lib\site-packages\starlette\middleware\cors.py", line 146, in simple_response
    await self.app(scope, receive, send)
  File "C:\Users\Techsupport.umapathi\Desktop\AI-Driven Forecasting of Medical Inventory Shortages\.venv\Lib\site-packages\starlette\middleware\exceptions.py", line 88, in __call__
    response = await handler(request, exc)
  File "C:\Users\Techsupport.umapathi\Desktop\AI-Driven Forecasting of Medical Inventory Shortages\backend\app\core\exception_handler.py", line 88, in validation_exception_handler
    return error_response(422, "REQUEST_VALIDATION_ERROR", "Invalid request payload", details)
  File "C:\Users\Techsupport.umapathi\Desktop\AI-Driven Forecasting of Medical Inventory Shortages\backend\app\core\exception_handler.py", line 79, in error_response
    return JSONResponse(status_code=status_code, content=payload)
  File "C:\Users\Techsupport.umapathi\Desktop\AI-Driven Forecasting of Medical Inventory Shortages\.venv\Lib\site-packages\starlette\responses.py", line 196, in __init__
    super().__init__(content, status_code, headers, media_type, background)
  File "C:\Users\Techsupport.umapathi\Desktop\AI-Driven Forecasting of Medical Inventory Shortages\.venv\Lib\site-packages\starlette\responses.py", line 55, in __init__
    self.body = self.render(content)
  File "C:\Users\Techsupport.umapathi\Desktop\AI-Driven Forecasting of Medical Inventory Shortages\.venv\Lib\site-packages\starlette\responses.py", line 199, in render
    return json.dumps(
  File "C:\Users\Techsupport.umapathi\AppData\Local\Programs\Python\Python313\Lib\json\__init__.py", line 238, in dumps
    **kw).encode(obj)
  File "C:\Users\Techsupport.umapathi\AppData\Local\Programs\Python\Python313\Lib\json\encoder.py", line 200, in encode
    chunks = self.iterencode(o, _one_shot=True)
  File "C:\Users\Techsupport.umapathi\AppData\Local\Programs\Python\Python313\Lib\json\encoder.py", line 261, in iterencode
    return _iterencode(o, 0)
  File "C:\Users\Techsupport.umapathi\AppData\Local\Programs\Python\Python313\Lib\json\encoder.py", line 180, in default
    raise TypeError(f'Object of type {o.__class__.__name__} '
TypeError: Object of type bytes is not JSON serializable
2026-06-12 17:52:37.447 | INFO     | app.middleware.logging_middleware:dispatch:56 - request_completed
2026-06-12 17:53:31.308 | INFO     | app.middleware.logging_middleware:dispatch:56 - request_completed
2026-06-12 17:53:31.309 | ERROR    | app.core.exception_handler:fallback_exception_handler:96 - Unhandled exception on POST /api/v1/auth/login: Object of type bytes is not JSON serializable
Traceback (most recent call last):
  File "C:\Users\Techsupport.umapathi\Desktop\AI-Driven Forecasting of Medical Inventory Shortages\.venv\Lib\site-packages\anyio\streams\memory.py", line 98, in receive
    return self.receive_nowait()
  File "C:\Users\Techsupport.umapathi\Desktop\AI-Driven Forecasting of Medical Inventory Shortages\.venv\Lib\site-packages\anyio\streams\memory.py", line 93, in receive_nowait
    raise WouldBlock
anyio.WouldBlock

During handling of the above exception, another exception occurred:

Traceback (most recent call last):
  File "C:\Users\Techsupport.umapathi\Desktop\AI-Driven Forecasting of Medical Inventory Shortages\.venv\Lib\site-packages\starlette\middleware\base.py", line 78, in call_next
    message = await recv_stream.receive()
  File "C:\Users\Techsupport.umapathi\Desktop\AI-Driven Forecasting of Medical Inventory Shortages\.venv\Lib\site-packages\anyio\streams\memory.py", line 118, in receive
    raise EndOfStream
anyio.EndOfStream

During handling of the above exception, another exception occurred:

Traceback (most recent call last):
  File "C:\Users\Techsupport.umapathi\Desktop\AI-Driven Forecasting of Medical Inventory Shortages\.venv\Lib\site-packages\starlette\middleware\errors.py", line 162, in __call__
    await self.app(scope, receive, _send)
  File "C:\Users\Techsupport.umapathi\Desktop\AI-Driven Forecasting of Medical Inventory Shortages\.venv\Lib\site-packages\starlette\middleware\base.py", line 108, in __call__
    response = await self.dispatch_func(request, call_next)
  File "C:\Users\Techsupport.umapathi\Desktop\AI-Driven Forecasting of Medical Inventory Shortages\backend\app\middleware\logging_middleware.py", line 41, in dispatch
    response = await call_next(request)
  File "C:\Users\Techsupport.umapathi\Desktop\AI-Driven Forecasting of Medical Inventory Shortages\.venv\Lib\site-packages\starlette\middleware\base.py", line 84, in call_next
    raise app_exc
  File "C:\Users\Techsupport.umapathi\Desktop\AI-Driven Forecasting of Medical Inventory Shortages\.venv\Lib\site-packages\starlette\middleware\base.py", line 70, in coro
    await self.app(scope, receive_or_disconnect, send_no_error)
  File "C:\Users\Techsupport.umapathi\Desktop\AI-Driven Forecasting of Medical Inventory Shortages\.venv\Lib\site-packages\starlette\middleware\base.py", line 108, in __call__
    response = await self.dispatch_func(request, call_next)
  File "C:\Users\Techsupport.umapathi\Desktop\AI-Driven Forecasting of Medical Inventory Shortages\backend\app\middleware\audit_middleware.py", line 83, in dispatch
    response = await call_next(request)
  File "C:\Users\Techsupport.umapathi\Desktop\AI-Driven Forecasting of Medical Inventory Shortages\.venv\Lib\site-packages\starlette\middleware\base.py", line 84, in call_next
    raise app_exc
  File "C:\Users\Techsupport.umapathi\Desktop\AI-Driven Forecasting of Medical Inventory Shortages\.venv\Lib\site-packages\starlette\middleware\base.py", line 70, in coro
    await self.app(scope, receive_or_disconnect, send_no_error)
  File "C:\Users\Techsupport.umapathi\Desktop\AI-Driven Forecasting of Medical Inventory Shortages\.venv\Lib\site-packages\starlette\middleware\cors.py", line 91, in __call__
    await self.simple_response(scope, receive, send, request_headers=headers)
  File "C:\Users\Techsupport.umapathi\Desktop\AI-Driven Forecasting of Medical Inventory Shortages\.venv\Lib\site-packages\starlette\middleware\cors.py", line 146, in simple_response
    await self.app(scope, receive, send)
  File "C:\Users\Techsupport.umapathi\Desktop\AI-Driven Forecasting of Medical Inventory Shortages\.venv\Lib\site-packages\starlette\middleware\exceptions.py", line 88, in __call__
    response = await handler(request, exc)
  File "C:\Users\Techsupport.umapathi\Desktop\AI-Driven Forecasting of Medical Inventory Shortages\backend\app\core\exception_handler.py", line 88, in validation_exception_handler
    return error_response(422, "REQUEST_VALIDATION_ERROR", "Invalid request payload", details)
  File "C:\Users\Techsupport.umapathi\Desktop\AI-Driven Forecasting of Medical Inventory Shortages\backend\app\core\exception_handler.py", line 79, in error_response
    return JSONResponse(status_code=status_code, content=payload)
  File "C:\Users\Techsupport.umapathi\Desktop\AI-Driven Forecasting of Medical Inventory Shortages\.venv\Lib\site-packages\starlette\responses.py", line 196, in __init__
    super().__init__(content, status_code, headers, media_type, background)
  File "C:\Users\Techsupport.umapathi\Desktop\AI-Driven Forecasting of Medical Inventory Shortages\.venv\Lib\site-packages\starlette\responses.py", line 55, in __init__
    self.body = self.render(content)
  File "C:\Users\Techsupport.umapathi\Desktop\AI-Driven Forecasting of Medical Inventory Shortages\.venv\Lib\site-packages\starlette\responses.py", line 199, in render
    return json.dumps(
  File "C:\Users\Techsupport.umapathi\AppData\Local\Programs\Python\Python313\Lib\json\__init__.py", line 238, in dumps
    **kw).encode(obj)
  File "C:\Users\Techsupport.umapathi\AppData\Local\Programs\Python\Python313\Lib\json\encoder.py", line 200, in encode
    chunks = self.iterencode(o, _one_shot=True)
  File "C:\Users\Techsupport.umapathi\AppData\Local\Programs\Python\Python313\Lib\json\encoder.py", line 261, in iterencode
    return _iterencode(o, 0)
  File "C:\Users\Techsupport.umapathi\AppData\Local\Programs\Python\Python313\Lib\json\encoder.py", line 180, in default
    raise TypeError(f'Object of type {o.__class__.__name__} '
TypeError: Object of type bytes is not JSON serializable
2026-06-12 18:01:36.831 | INFO     | app.middleware.logging_middleware:dispatch:56 - request_completed
2026-06-12 18:01:36.832 | ERROR    | app.core.exception_handler:fallback_exception_handler:96 - Unhandled exception on POST /api/v1/auth/login: Object of type bytes is not JSON serializable
Traceback (most recent call last):
  File "C:\Users\Techsupport.umapathi\Desktop\AI-Driven Forecasting of Medical Inventory Shortages\.venv\Lib\site-packages\anyio\streams\memory.py", line 98, in receive
    return self.receive_nowait()
  File "C:\Users\Techsupport.umapathi\Desktop\AI-Driven Forecasting of Medical Inventory Shortages\.venv\Lib\site-packages\anyio\streams\memory.py", line 93, in receive_nowait
    raise WouldBlock
anyio.WouldBlock

During handling of the above exception, another exception occurred:

Traceback (most recent call last):
  File "C:\Users\Techsupport.umapathi\Desktop\AI-Driven Forecasting of Medical Inventory Shortages\.venv\Lib\site-packages\starlette\middleware\base.py", line 78, in call_next
    message = await recv_stream.receive()
  File "C:\Users\Techsupport.umapathi\Desktop\AI-Driven Forecasting of Medical Inventory Shortages\.venv\Lib\site-packages\anyio\streams\memory.py", line 118, in receive
    raise EndOfStream
anyio.EndOfStream

During handling of the above exception, another exception occurred:

Traceback (most recent call last):
  File "C:\Users\Techsupport.umapathi\Desktop\AI-Driven Forecasting of Medical Inventory Shortages\.venv\Lib\site-packages\starlette\middleware\errors.py", line 162, in __call__
    await self.app(scope, receive, _send)
  File "C:\Users\Techsupport.umapathi\Desktop\AI-Driven Forecasting of Medical Inventory Shortages\.venv\Lib\site-packages\starlette\middleware\base.py", line 108, in __call__
    response = await self.dispatch_func(request, call_next)
  File "C:\Users\Techsupport.umapathi\Desktop\AI-Driven Forecasting of Medical Inventory Shortages\backend\app\middleware\logging_middleware.py", line 41, in dispatch
    response = await call_next(request)
  File "C:\Users\Techsupport.umapathi\Desktop\AI-Driven Forecasting of Medical Inventory Shortages\.venv\Lib\site-packages\starlette\middleware\base.py", line 84, in call_next
    raise app_exc
  File "C:\Users\Techsupport.umapathi\Desktop\AI-Driven Forecasting of Medical Inventory Shortages\.venv\Lib\site-packages\starlette\middleware\base.py", line 70, in coro
    await self.app(scope, receive_or_disconnect, send_no_error)
  File "C:\Users\Techsupport.umapathi\Desktop\AI-Driven Forecasting of Medical Inventory Shortages\.venv\Lib\site-packages\starlette\middleware\base.py", line 108, in __call__
    response = await self.dispatch_func(request, call_next)
  File "C:\Users\Techsupport.umapathi\Desktop\AI-Driven Forecasting of Medical Inventory Shortages\backend\app\middleware\audit_middleware.py", line 83, in dispatch
    response = await call_next(request)
  File "C:\Users\Techsupport.umapathi\Desktop\AI-Driven Forecasting of Medical Inventory Shortages\.venv\Lib\site-packages\starlette\middleware\base.py", line 84, in call_next
    raise app_exc
  File "C:\Users\Techsupport.umapathi\Desktop\AI-Driven Forecasting of Medical Inventory Shortages\.venv\Lib\site-packages\starlette\middleware\base.py", line 70, in coro
    await self.app(scope, receive_or_disconnect, send_no_error)
  File "C:\Users\Techsupport.umapathi\Desktop\AI-Driven Forecasting of Medical Inventory Shortages\.venv\Lib\site-packages\starlette\middleware\cors.py", line 91, in __call__
    await self.simple_response(scope, receive, send, request_headers=headers)
  File "C:\Users\Techsupport.umapathi\Desktop\AI-Driven Forecasting of Medical Inventory Shortages\.venv\Lib\site-packages\starlette\middleware\cors.py", line 146, in simple_response
    await self.app(scope, receive, send)
  File "C:\Users\Techsupport.umapathi\Desktop\AI-Driven Forecasting of Medical Inventory Shortages\.venv\Lib\site-packages\starlette\middleware\exceptions.py", line 88, in __call__
    response = await handler(request, exc)
  File "C:\Users\Techsupport.umapathi\Desktop\AI-Driven Forecasting of Medical Inventory Shortages\backend\app\core\exception_handler.py", line 88, in validation_exception_handler
    return error_response(422, "REQUEST_VALIDATION_ERROR", "Invalid request payload", details)
  File "C:\Users\Techsupport.umapathi\Desktop\AI-Driven Forecasting of Medical Inventory Shortages\backend\app\core\exception_handler.py", line 79, in error_response
    return JSONResponse(status_code=status_code, content=payload)
  File "C:\Users\Techsupport.umapathi\Desktop\AI-Driven Forecasting of Medical Inventory Shortages\.venv\Lib\site-packages\starlette\responses.py", line 196, in __init__
    super().__init__(content, status_code, headers, media_type, background)
  File "C:\Users\Techsupport.umapathi\Desktop\AI-Driven Forecasting of Medical Inventory Shortages\.venv\Lib\site-packages\starlette\responses.py", line 55, in __init__
    self.body = self.render(content)
  File "C:\Users\Techsupport.umapathi\Desktop\AI-Driven Forecasting of Medical Inventory Shortages\.venv\Lib\site-packages\starlette\responses.py", line 199, in render
    return json.dumps(
  File "C:\Users\Techsupport.umapathi\AppData\Local\Programs\Python\Python313\Lib\json\__init__.py", line 238, in dumps
    **kw).encode(obj)
  File "C:\Users\Techsupport.umapathi\AppData\Local\Programs\Python\Python313\Lib\json\encoder.py", line 200, in encode
    chunks = self.iterencode(o, _one_shot=True)
  File "C:\Users\Techsupport.umapathi\AppData\Local\Programs\Python\Python313\Lib\json\encoder.py", line 261, in iterencode
    return _iterencode(o, 0)
  File "C:\Users\Techsupport.umapathi\AppData\Local\Programs\Python\Python313\Lib\json\encoder.py", line 180, in default
    raise TypeError(f'Object of type {o.__class__.__name__} '
TypeError: Object of type bytes is not JSON serializable
2026-06-12 18:03:37.128 | INFO     | backend.main:lifespan:112 - MongoDB connection closed
2026-06-12 18:03:43.167 | INFO     | backend.main:lifespan:74 - MongoDB connected successfully
2026-06-12 18:03:45.836 | INFO     | backend.main:lifespan:98 - RealtimeStockoutPredictor initialized successfully, model_version=unknown
2026-06-12 18:03:50.770 | INFO     | app.db.indexes:create_all_indexes:214 - All MongoDB indexes created successfully
2026-06-12 18:03:50.951 | INFO     | backend.main:lifespan:107 - MongoDB indexes initialized successfully
2026-06-12 18:04:32.845 | INFO     | app.middleware.logging_middleware:dispatch:56 - request_completed
2026-06-13 10:05:53.791 | INFO     | backend.main:lifespan:74 - MongoDB connected successfully
2026-06-13 10:05:56.888 | INFO     | backend.main:lifespan:98 - RealtimeStockoutPredictor initialized successfully, model_version=unknown
2026-06-13 10:06:03.427 | INFO     | app.db.indexes:create_all_indexes:214 - All MongoDB indexes created successfully
2026-06-13 10:06:03.507 | INFO     | backend.main:lifespan:107 - MongoDB indexes initialized successfully
2026-06-13 10:13:48.706 | INFO     | app.middleware.logging_middleware:dispatch:56 - request_completed
2026-06-13 10:27:04.075 | INFO     | app.middleware.logging_middleware:dispatch:56 - request_completed
2026-06-13 10:36:01.636 | INFO     | backend.main:lifespan:112 - MongoDB connection closed
2026-06-13 10:36:17.214 | INFO     | backend.main:lifespan:74 - MongoDB connected successfully
2026-06-13 10:36:20.603 | INFO     | backend.main:lifespan:98 - RealtimeStockoutPredictor initialized successfully, model_version=unknown
2026-06-13 10:36:23.159 | INFO     | app.db.indexes:create_all_indexes:214 - All MongoDB indexes created successfully
2026-06-13 10:36:23.654 | INFO     | backend.main:lifespan:107 - MongoDB indexes initialized successfully
2026-06-13 10:38:08.342 | INFO     | app.middleware.logging_middleware:dispatch:56 - request_completed
2026-06-13 10:39:04.279 | INFO     | app.middleware.logging_middleware:dispatch:56 - request_completed
2026-06-13 10:43:10.575 | INFO     | backend.main:lifespan:112 - MongoDB connection closed
2026-06-13 10:43:16.187 | INFO     | backend.main:lifespan:74 - MongoDB connected successfully
2026-06-13 10:43:19.274 | INFO     | backend.main:lifespan:98 - RealtimeStockoutPredictor initialized successfully, model_version=unknown
2026-06-13 10:43:21.753 | INFO     | app.db.indexes:create_all_indexes:214 - All MongoDB indexes created successfully
2026-06-13 10:43:21.808 | INFO     | backend.main:lifespan:107 - MongoDB indexes initialized successfully
2026-06-13 10:43:51.821 | INFO     | app.middleware.logging_middleware:dispatch:56 - request_completed
2026-06-13 10:44:51.425 | INFO     | app.middleware.logging_middleware:dispatch:56 - request_completed
2026-06-13 10:46:12.913 | INFO     | backend.main:lifespan:112 - MongoDB connection closed
2026-06-13 10:46:18.915 | INFO     | backend.main:lifespan:74 - MongoDB connected successfully
2026-06-13 10:46:22.152 | INFO     | backend.main:lifespan:98 - RealtimeStockoutPredictor initialized successfully, model_version=unknown
2026-06-13 10:46:24.653 | INFO     | app.db.indexes:create_all_indexes:214 - All MongoDB indexes created successfully
2026-06-13 10:46:24.705 | INFO     | backend.main:lifespan:107 - MongoDB indexes initialized successfully
2026-06-13 10:47:10.441 | INFO     | backend.main:lifespan:112 - MongoDB connection closed
2026-06-13 10:47:15.374 | INFO     | backend.main:lifespan:74 - MongoDB connected successfully
2026-06-13 10:47:17.717 | INFO     | backend.main:lifespan:98 - RealtimeStockoutPredictor initialized successfully, model_version=unknown
2026-06-13 10:47:20.190 | INFO     | app.db.indexes:create_all_indexes:214 - All MongoDB indexes created successfully
2026-06-13 10:47:20.244 | INFO     | backend.main:lifespan:107 - MongoDB indexes initialized successfully
2026-06-13 11:50:33.299 | INFO     | app.middleware.logging_middleware:dispatch:56 - request_completed
2026-06-13 11:55:58.211 | INFO     | backend.main:lifespan:112 - MongoDB connection closed
2026-06-13 11:56:05.859 | INFO     | backend.main:lifespan:74 - MongoDB connected successfully
2026-06-13 11:56:11.297 | INFO     | backend.main:lifespan:98 - RealtimeStockoutPredictor initialized successfully, model_version=unknown
2026-06-13 11:56:13.722 | INFO     | app.db.indexes:create_all_indexes:214 - All MongoDB indexes created successfully
2026-06-13 11:56:13.778 | INFO     | backend.main:lifespan:107 - MongoDB indexes initialized successfully
2026-06-13 11:57:09.579 | INFO     | app.middleware.logging_middleware:dispatch:56 - request_completed
2026-06-13 11:57:56.408 | INFO     | app.middleware.logging_middleware:dispatch:56 - request_completed
2026-06-13 11:58:12.877 | INFO     | app.middleware.logging_middleware:dispatch:56 - request_completed
2026-06-13 11:58:47.631 | INFO     | app.middleware.logging_middleware:dispatch:56 - request_completed
2026-06-13 11:59:12.964 | INFO     | app.middleware.logging_middleware:dispatch:56 - request_completed
2026-06-13 11:59:21.194 | INFO     | app.middleware.logging_middleware:dispatch:56 - request_completed
2026-06-13 11:59:57.515 | INFO     | app.middleware.logging_middleware:dispatch:56 - request_completed
2026-06-13 12:01:38.771 | INFO     | app.middleware.logging_middleware:dispatch:56 - request_completed
2026-06-13 12:01:44.649 | INFO     | app.middleware.logging_middleware:dispatch:56 - request_completed
